<?xml version="1.0" encoding="UTF-8"?>
<!-- Generated by org.testng.reporters.JUnitXMLReporter -->
<testsuite ignored="9" hostname="Kevin" failures="0" tests="1" name="Default test" time="5.153" errors="0" timestamp="2025-12-12T10:24:07 IST">
  <testcase classname="OnlineExamPortal.OnlineExamPortal.LoginPage" name="TestCase10" time="1.942"/>
  <testcase classname="OnlineExamPortal.OnlineExamPortal.LoginPage" name="TestCase5" time="0.0">
    <ignored/>
  </testcase> <!-- TestCase5 -->
  <testcase classname="OnlineExamPortal.OnlineExamPortal.LoginPage" name="TestCase6" time="0.0">
    <ignored/>
  </testcase> <!-- TestCase6 -->
  <testcase classname="OnlineExamPortal.OnlineExamPortal.LoginPage" name="TestCase7" time="0.0">
    <ignored/>
  </testcase> <!-- TestCase7 -->
  <testcase classname="OnlineExamPortal.OnlineExamPortal.LoginPage" name="TestCase8" time="0.0">
    <ignored/>
  </testcase> <!-- TestCase8 -->
  <testcase classname="OnlineExamPortal.OnlineExamPortal.LoginPage" name="TestCase1" time="0.0">
    <ignored/>
  </testcase> <!-- TestCase1 -->
  <testcase classname="OnlineExamPortal.OnlineExamPortal.LoginPage" name="TestCase2" time="0.0">
    <ignored/>
  </testcase> <!-- TestCase2 -->
  <testcase classname="OnlineExamPortal.OnlineExamPortal.LoginPage" name="TestCase3" time="0.0">
    <ignored/>
  </testcase> <!-- TestCase3 -->
  <testcase classname="OnlineExamPortal.OnlineExamPortal.LoginPage" name="TestCase4" time="0.0">
    <ignored/>
  </testcase> <!-- TestCase4 -->
  <testcase classname="OnlineExamPortal.OnlineExamPortal.LoginPage" name="TestCase9" time="0.0">
    <ignored/>
  </testcase> <!-- TestCase9 -->
</testsuite> <!-- Default test -->
