<?xml version="1.0" encoding="UTF-8"?>
<testng-results ignored="9" total="10" passed="1" failed="0" skipped="0">
  <reporter-output>
  </reporter-output>
  <suite started-at="2025-12-12T10:24:02 IST" name="Default suite" finished-at="2025-12-12T10:24:07 IST" duration-ms="5153">
    <groups>
    </groups>
    <test started-at="2025-12-12T10:24:02 IST" name="Default test" finished-at="2025-12-12T10:24:07 IST" duration-ms="5153">
      <class name="OnlineExamPortal.OnlineExamPortal.LoginPage">
        <test-method is-config="true" signature="BeforeTest()[pri:0, instance:OnlineExamPortal.OnlineExamPortal.LoginPage@279fedbd]" started-at="2025-12-12T10:24:02 IST" name="BeforeTest" finished-at="2025-12-12T10:24:05 IST" duration-ms="2908" status="PASS">
          <reporter-output>
          </reporter-output>
        </test-method> <!-- BeforeTest -->
        <test-method signature="TestCase10()[pri:10, instance:OnlineExamPortal.OnlineExamPortal.LoginPage@279fedbd]" started-at="2025-12-12T10:24:05 IST" name="TestCase10" finished-at="2025-12-12T10:24:07 IST" duration-ms="1942" status="PASS">
          <reporter-output>
          </reporter-output>
        </test-method> <!-- TestCase10 -->
        <test-method is-config="true" signature="CloseWindow()[pri:0, instance:OnlineExamPortal.OnlineExamPortal.LoginPage@279fedbd]" started-at="2025-12-12T10:24:07 IST" name="CloseWindow" finished-at="2025-12-12T10:24:07 IST" duration-ms="189" status="PASS">
          <reporter-output>
          </reporter-output>
        </test-method> <!-- CloseWindow -->
      </class> <!-- OnlineExamPortal.OnlineExamPortal.LoginPage -->
    </test> <!-- Default test -->
  </suite> <!-- Default suite -->
</testng-results>
