<?xml version="1.0" encoding="UTF-8"?>
<!-- Generated by org.testng.reporters.JUnitReportReporter -->
<testsuite hostname="Kevin" failures="0" tests="14" name="OnlineExamPortal.OnlineExamPortal.HomePage" time="13.356" errors="0" timestamp="2025-10-26T14:53:32 IST" skipped="0">
  <testcase classname="OnlineExamPortal.OnlineExamPortal.HomePage" name="TestCase1" time="3.620"/>
  <testcase classname="OnlineExamPortal.OnlineExamPortal.HomePage" name="TestCase2" time="0.076"/>
  <testcase classname="OnlineExamPortal.OnlineExamPortal.HomePage" name="TestCase3" time="0.054"/>
  <testcase classname="OnlineExamPortal.OnlineExamPortal.HomePage" name="TestCase4" time="1.284"/>
  <testcase classname="OnlineExamPortal.OnlineExamPortal.HomePage" name="TestCase5" time="0.075"/>
  <testcase classname="OnlineExamPortal.OnlineExamPortal.HomePage" name="TestCase6" time="1.279"/>
  <testcase classname="OnlineExamPortal.OnlineExamPortal.HomePage" name="TestCase7" time="0.094"/>
  <testcase classname="OnlineExamPortal.OnlineExamPortal.HomePage" name="TestCase8" time="0.030"/>
  <testcase classname="OnlineExamPortal.OnlineExamPortal.HomePage" name="TestCase9" time="0.025"/>
  <testcase classname="OnlineExamPortal.OnlineExamPortal.HomePage" name="TestCase10" time="0.025"/>
  <testcase classname="OnlineExamPortal.OnlineExamPortal.HomePage" name="TestCase11" time="0.129"/>
  <testcase classname="OnlineExamPortal.OnlineExamPortal.HomePage" name="TestCase12" time="2.339"/>
  <testcase classname="OnlineExamPortal.OnlineExamPortal.HomePage" name="TestCase13" time="0.070"/>
  <testcase classname="OnlineExamPortal.OnlineExamPortal.HomePage" name="TestCase14" time="4.256"/>
</testsuite> <!-- OnlineExamPortal.OnlineExamPortal.HomePage -->
