<?xml version="1.0" encoding="UTF-8"?>
<!-- Generated by org.testng.reporters.JUnitReportReporter -->
<testsuite hostname="Kevin" failures="0" tests="2" name="OnlineExamPortal.OnlineExamPortal.LogoutPage" time="8.260" errors="0" timestamp="2025-10-26T14:51:58 IST" skipped="0">
  <testcase classname="OnlineExamPortal.OnlineExamPortal.LogoutPage" name="TestCase1" time="5.778"/>
  <testcase classname="OnlineExamPortal.OnlineExamPortal.LogoutPage" name="TestCase2" time="2.482"/>
</testsuite> <!-- OnlineExamPortal.OnlineExamPortal.LogoutPage -->
