<?xml version="1.0" encoding="UTF-8"?>
<!-- Generated by org.testng.reporters.JUnitReportReporter -->
<testsuite hostname="Kevin" failures="0" tests="11" name="OnlineExamPortal.OnlineExamPortal.InstructionPage" time="13.630" errors="0" timestamp="2025-10-26T14:55:14 IST" skipped="0">
  <testcase classname="OnlineExamPortal.OnlineExamPortal.InstructionPage" name="TestCase1" time="3.598"/>
  <testcase classname="OnlineExamPortal.OnlineExamPortal.InstructionPage" name="TestCase2" time="0.252"/>
  <testcase classname="OnlineExamPortal.OnlineExamPortal.InstructionPage" name="TestCase3" time="2.096"/>
  <testcase classname="OnlineExamPortal.OnlineExamPortal.InstructionPage" name="TestCase4" time="1.064"/>
  <testcase classname="OnlineExamPortal.OnlineExamPortal.InstructionPage" name="TestCase5" time="1.048"/>
  <testcase classname="OnlineExamPortal.OnlineExamPortal.InstructionPage" name="TestCase6" time="1.083"/>
  <testcase classname="OnlineExamPortal.OnlineExamPortal.InstructionPage" name="TestCase7" time="1.085"/>
  <testcase classname="OnlineExamPortal.OnlineExamPortal.InstructionPage" name="TestCase8" time="1.071"/>
  <testcase classname="OnlineExamPortal.OnlineExamPortal.InstructionPage" name="TestCase9" time="1.081"/>
  <testcase classname="OnlineExamPortal.OnlineExamPortal.InstructionPage" name="TestCase10" time="1.053"/>
  <testcase classname="OnlineExamPortal.OnlineExamPortal.InstructionPage" name="TestCase" time="0.199"/>
</testsuite> <!-- OnlineExamPortal.OnlineExamPortal.InstructionPage -->
