<?xml version="1.0" encoding="UTF-8"?>
<!-- Generated by org.testng.reporters.JUnitReportReporter -->
<testsuite hostname="Kevin" failures="0" tests="21" name="OnlineExamPortal.OnlineExamPortal.AdminPage" time="6.395" errors="1" timestamp="2025-10-28T14:36:52 IST" skipped="20">
  <testcase classname="OnlineExamPortal.OnlineExamPortal.AdminPage" name="BeforeTest" time="6.394">
    <error message="unknown error: net::ERR_CONNECTION_REFUSED
  (Session info: chrome=141.0.7390.123)
Build info: version: &#039;4.8.2&#039;, revision: &#039;826dbfc730&#039;
System info: os.name: &#039;Windows 11&#039;, os.arch: &#039;amd64&#039;, os.version: &#039;10.0&#039;, java.version: &#039;21.0.7&#039;
Driver info: org.openqa.selenium.chrome.ChromeDriver
Command: [980eb1c34769da8892598a506580fc6f, get {url=http://127.0.0.1:8000/}]
Capabilities {acceptInsecureCerts: false, browserName: chrome, browserVersion: 141.0.7390.123, chrome: {chromedriverVersion: 140.0.7339.80 (670b6f192f46..., userDataDir: C:\Users\hp\AppData\Local\T...}, fedcm:accounts: true, goog:chromeOptions: {debuggerAddress: localhost:52364}, networkConnectionEnabled: false, pageLoadStrategy: normal, platformName: WINDOWS, proxy: Proxy(), se:cdp: ws://localhost:52364/devtoo..., se:cdpVersion: 141.0.7390.123, setWindowRect: true, strictFileInteractability: false, timeouts: {implicit: 0, pageLoad: 300000, script: 30000}, unhandledPromptBehavior: dismiss and notify, webauthn:extension:credBlob: true, webauthn:extension:largeBlob: true, webauthn:extension:minPinLength: true, webauthn:extension:prf: true, webauthn:virtualAuthenticators: true}
Session ID: 980eb1c34769da8892598a506580fc6f" type="org.openqa.selenium.WebDriverException">
      <![CDATA[org.openqa.selenium.WebDriverException: unknown error: net::ERR_CONNECTION_REFUSED
  (Session info: chrome=141.0.7390.123)
Build info: version: '4.8.2', revision: '826dbfc730'
System info: os.name: 'Windows 11', os.arch: 'amd64', os.version: '10.0', java.version: '21.0.7'
Driver info: org.openqa.selenium.chrome.ChromeDriver
Command: [980eb1c34769da8892598a506580fc6f, get {url=http://127.0.0.1:8000/}]
Capabilities {acceptInsecureCerts: false, browserName: chrome, browserVersion: 141.0.7390.123, chrome: {chromedriverVersion: 140.0.7339.80 (670b6f192f46..., userDataDir: C:\Users\hp\AppData\Local\T...}, fedcm:accounts: true, goog:chromeOptions: {debuggerAddress: localhost:52364}, networkConnectionEnabled: false, pageLoadStrategy: normal, platformName: WINDOWS, proxy: Proxy(), se:cdp: ws://localhost:52364/devtoo..., se:cdpVersion: 141.0.7390.123, setWindowRect: true, strictFileInteractability: false, timeouts: {implicit: 0, pageLoad: 300000, script: 30000}, unhandledPromptBehavior: dismiss and notify, webauthn:extension:credBlob: true, webauthn:extension:largeBlob: true, webauthn:extension:minPinLength: true, webauthn:extension:prf: true, webauthn:virtualAuthenticators: true}
Session ID: 980eb1c34769da8892598a506580fc6f
at java.base/jdk.internal.reflect.DirectConstructorHandleAccessor.newInstance(DirectConstructorHandleAccessor.java:62)
at java.base/java.lang.reflect.Constructor.newInstanceWithCaller(Constructor.java:502)
at java.base/java.lang.reflect.Constructor.newInstance(Constructor.java:486)
at org.openqa.selenium.remote.codec.w3c.W3CHttpResponseCodec.createException(W3CHttpResponseCodec.java:200)
at org.openqa.selenium.remote.codec.w3c.W3CHttpResponseCodec.decode(W3CHttpResponseCodec.java:133)
at org.openqa.selenium.remote.codec.w3c.W3CHttpResponseCodec.decode(W3CHttpResponseCodec.java:53)
at org.openqa.selenium.remote.HttpCommandExecutor.execute(HttpCommandExecutor.java:193)
at org.openqa.selenium.remote.service.DriverCommandExecutor.invokeExecute(DriverCommandExecutor.java:183)
at org.openqa.selenium.remote.service.DriverCommandExecutor.execute(DriverCommandExecutor.java:158)
at org.openqa.selenium.remote.RemoteWebDriver.execute(RemoteWebDriver.java:543)
at org.openqa.selenium.remote.RemoteWebDriver.get(RemoteWebDriver.java:297)
at OnlineExamPortal.OnlineExamPortal.AdminPage.BeforeTest(AdminPage.java:25)
at java.base/jdk.internal.reflect.DirectMethodHandleAccessor.invoke(DirectMethodHandleAccessor.java:103)
at java.base/java.lang.reflect.Method.invoke(Method.java:580)
at org.testng.internal.invokers.MethodInvocationHelper.invokeMethod(MethodInvocationHelper.java:141)
at org.testng.internal.invokers.MethodInvocationHelper.invokeMethodConsideringTimeout(MethodInvocationHelper.java:71)
at org.testng.internal.invokers.ConfigInvoker.invokeConfigurationMethod(ConfigInvoker.java:400)
at org.testng.internal.invokers.ConfigInvoker.invokeConfigurations(ConfigInvoker.java:333)
at org.testng.TestRunner.invokeTestConfigurations(TestRunner.java:657)
at org.testng.TestRunner.beforeRun(TestRunner.java:646)
at org.testng.TestRunner.run(TestRunner.java:612)
at org.testng.SuiteRunner.runTest(SuiteRunner.java:421)
at org.testng.SuiteRunner.runSequentially(SuiteRunner.java:413)
at org.testng.SuiteRunner.privateRun(SuiteRunner.java:373)
at org.testng.SuiteRunner.run(SuiteRunner.java:312)
at org.testng.SuiteRunnerWorker.runSuite(SuiteRunnerWorker.java:52)
at org.testng.SuiteRunnerWorker.run(SuiteRunnerWorker.java:95)
at org.testng.TestNG.runSuitesSequentially(TestNG.java:1274)
at org.testng.TestNG.runSuitesLocally(TestNG.java:1208)
at org.testng.TestNG.runSuites(TestNG.java:1112)
at org.testng.TestNG.run(TestNG.java:1079)
at org.testng.remote.AbstractRemoteTestNG.run(AbstractRemoteTestNG.java:115)
at org.testng.remote.RemoteTestNG.initAndRun(RemoteTestNG.java:293)
at org.testng.remote.RemoteTestNG.main(RemoteTestNG.java:91)
]]>
    </error>
  </testcase> <!-- BeforeTest -->
  <testcase classname="OnlineExamPortal.OnlineExamPortal.AdminPage" name="TestCase1" time="0.000">
    <skipped/>
  </testcase> <!-- TestCase1 -->
  <testcase classname="OnlineExamPortal.OnlineExamPortal.AdminPage" name="TestCase2" time="0.000">
    <skipped/>
  </testcase> <!-- TestCase2 -->
  <testcase classname="OnlineExamPortal.OnlineExamPortal.AdminPage" name="TestCase3" time="0.000">
    <skipped/>
  </testcase> <!-- TestCase3 -->
  <testcase classname="OnlineExamPortal.OnlineExamPortal.AdminPage" name="TestCase4" time="0.000">
    <skipped/>
  </testcase> <!-- TestCase4 -->
  <testcase classname="OnlineExamPortal.OnlineExamPortal.AdminPage" name="TestCase5" time="0.000">
    <skipped/>
  </testcase> <!-- TestCase5 -->
  <testcase classname="OnlineExamPortal.OnlineExamPortal.AdminPage" name="TestCase6" time="0.000">
    <skipped/>
  </testcase> <!-- TestCase6 -->
  <testcase classname="OnlineExamPortal.OnlineExamPortal.AdminPage" name="TestCase7" time="0.000">
    <skipped/>
  </testcase> <!-- TestCase7 -->
  <testcase classname="OnlineExamPortal.OnlineExamPortal.AdminPage" name="TestCase8" time="0.000">
    <skipped/>
  </testcase> <!-- TestCase8 -->
  <testcase classname="OnlineExamPortal.OnlineExamPortal.AdminPage" name="TestCase9" time="0.000">
    <skipped/>
  </testcase> <!-- TestCase9 -->
  <testcase classname="OnlineExamPortal.OnlineExamPortal.AdminPage" name="TestCase10" time="0.000">
    <skipped/>
  </testcase> <!-- TestCase10 -->
  <testcase classname="OnlineExamPortal.OnlineExamPortal.AdminPage" name="TestCase11" time="0.000">
    <skipped/>
  </testcase> <!-- TestCase11 -->
  <testcase classname="OnlineExamPortal.OnlineExamPortal.AdminPage" name="TestCase12" time="0.001">
    <skipped/>
  </testcase> <!-- TestCase12 -->
  <testcase classname="OnlineExamPortal.OnlineExamPortal.AdminPage" name="TestCase13" time="0.000">
    <skipped/>
  </testcase> <!-- TestCase13 -->
  <testcase classname="OnlineExamPortal.OnlineExamPortal.AdminPage" name="TesTCase14" time="0.000">
    <skipped/>
  </testcase> <!-- TesTCase14 -->
  <testcase classname="OnlineExamPortal.OnlineExamPortal.AdminPage" name="TestCase15" time="0.000">
    <skipped/>
  </testcase> <!-- TestCase15 -->
  <testcase classname="OnlineExamPortal.OnlineExamPortal.AdminPage" name="TestCas16" time="0.000">
    <skipped/>
  </testcase> <!-- TestCas16 -->
  <testcase classname="OnlineExamPortal.OnlineExamPortal.AdminPage" name="TestCase17" time="0.000">
    <skipped/>
  </testcase> <!-- TestCase17 -->
  <testcase classname="OnlineExamPortal.OnlineExamPortal.AdminPage" name="TestCase18" time="0.000">
    <skipped/>
  </testcase> <!-- TestCase18 -->
  <testcase classname="OnlineExamPortal.OnlineExamPortal.AdminPage" name="TestCase19" time="0.000">
    <skipped/>
  </testcase> <!-- TestCase19 -->
  <testcase classname="OnlineExamPortal.OnlineExamPortal.AdminPage" name="TestCase22" time="0.000">
    <skipped/>
  </testcase> <!-- TestCase22 -->
</testsuite> <!-- OnlineExamPortal.OnlineExamPortal.AdminPage -->
